2020-03-19 v->1.0.0 首次发布

2020-03-20 v->1.0.1
	1、修改ModelService保存与修改时对列的验证问题（列最大值、非空等验证未通过时，此列将会被除去且sql照常执行。期待：抛出异常）。
	2、优化了部分代码
	
2020-03-29 v->1.0.2
	1、修改AbstractSqlModelService对Sql执行时，sqlModel中不存在条件时空指针异常的问题
	2、优化model的解析
	
2020-03-29 v->1.0.3
	1、修改modelService对根据id修改后 model中的id为空的问题

2020-04-01 v->1.0.4
	1、修复了拓展列会新增的问题
	2、修复了sqlModel带别名的拓展字段没有添加到条件中的问题
	3、修复了Column注解对column没有起作用的问题
	

2020-04-20 v->1.0.5
	1、修复了SqlModel添加数组类型的拓展属性没有转换为集合的为题
	2、FieldAndColumn新增可以获取ModelAndTable的方法
	3、Dialect新增分页sql
	4、修改AbstractSqlModelService.findPageBySqlModel没有分页的问题
	
2020-04-29 v->1.0.6
	1、修复AbstractSqlModelService部分没有对sqlModel进行排序处理的方法
	
2020-05-20 v-> 1.1.0
	---原有类新增/删减功能---
	1、org.yelong.core.jdbc.dialect 包内功能更新，添加DDL、Function等功能。
	
	---新增包---
	1、org.yelong.core.interceptor 拦截器，完全仿照MyBatis的拦截器实现
	2、org.yelong.core.jdbc.record 数据库记录操作包
	3、org.yelong.core.jdbc.sql.ddl 数据库DDL语言功能，对数据库表、列操作
	4、org.yelong.core.model.map MapModel实现，可以动态的获取列。实现表动态的添加删除列的功能。
	5、org.yelong.core.model.property Model属性操作的包。对model属性的Get/Set操作功能
	
	---功能修改---
	1、提供Modelable接口来替换原来的Model类，所有对于Model的泛型全部改为Modelable。
	2、弃用了ModelProperties类
	
2020-05-27 v-> 1.1.1
	1、ModelService、SqlModelService提供新增一些默认方法
	
2020-06-07 v-> 1.2.0
	1、方法的注释风格修改
	
2020-07-03 v-> 1.3.0
	对类进行format
	修改部分类中的方法参数名称及注释
	
	---原有类新增/删减功能---
	org.yelong.core.jdbc.sql.sort.SortSqlFragment接口新增对Sort类的方法
	
	---新增类---
	org.yelong.core.jdbc.sql.sort.support.Sort
	org.yelong.core.model.map.CacheSupportMapModelFieldAndColumnGetStrategy 可缓存的MapModel的列获取策略
	
	---新增包---
	org.yelong.core.cache 缓存功能
	org.yelong.core.order 顺序功能
	org.yelong.core.model.collector 模型收集器
	org.yelong.core.model.service.function 业务处理函数
	
	---修改的功能---
	1、SqlFragmentFactory接口的获取方式交给Dialect
	2、SqlFragment接口提供获取Dialect的方法
	3、AnnotationModelResolver解析器现在会为同名的字段抛出异常
	
	---项目统计---
	总计代码行数：12857
	总文件数：234
	
2020-08-16 -> 2.0.0

	---新增包---
	org.yelong.core.model.validator
	org.yelong.core.model.pojo
	org.yelong.core.model.manage
	org.yelong.core.model.convertor
	org.yelong.core.model.annotation.support

	---新增类---
	org.yelong.core.jdbc.sql.count.CountSqlParser count sql 解析器。此类为 pageHelper 包内
	org.yelong.core.model.Models
	
	---修改的功能---
	org.yelong.core.model.sql.ModelSqlFragmentFactory.createCountSqlFragment(Class<M> modelClass)根据 CountSqlParser 来解析count sql
	修改解析模型的规则：每个模型解析器指定解析模型的范围。通过寻找模型最佳的解析器进行解析
	
	---项目统计---
	总计代码行数：15380
	总文件数：279
	
2020-09-02 -> 2.1.0
	
	---新增的功能---
	org.yelong.core.cache.CacheManager新增功能性方法
	新增分组SQL片段
	新增FindSingleColumn收集器
	修改SqlModel解析器的方法
	
	---项目统计---
	总计代码行数：16377
	总文件数：289
	
2020-09-10 -> 2.1.1
	
	---修改的bug---
	修改ModelCollectors的Modify方法条件会携带别名的bug